21:19:31 **** Incremental Build of configuration Debug for project Pr徑tica_4.1 ****
make -j4 all 
arm-none-eabi-gcc -mcpu=cortex-m4 -g3 -DDEBUG -c -I"C:/Users/MATIAS/Desktop/Matias/CESE/Programacion de microcontroladores/Revision_ejerc4_LucasRoblesCESE18-main/Pr치ctica_4.1/Drivers/STM32F4xx_HAL_Driver/Inc" -I"C:/Users/MATIAS/Desktop/Matias/CESE/Programacion de microcontroladores/Revision_ejerc4_LucasRoblesCESE18-main/Pr치ctica_4.1/Drivers/CMSIS/Include" -I"C:/Users/MATIAS/Desktop/Matias/CESE/Programacion de microcontroladores/Revision_ejerc4_LucasRoblesCESE18-main/Pr치ctica_4.1/Drivers/CMSIS/Device/ST/STM32F4xx/Include" -I"C:/Users/MATIAS/Desktop/Matias/CESE/Programacion de microcontroladores/Revision_ejerc4_LucasRoblesCESE18-main/Pr치ctica_4.1/Drivers/BSP/STM32F4xx_Nucleo_144" -I"C:/Users/MATIAS/Desktop/Matias/CESE/Programacion de microcontroladores/Revision_ejerc4_LucasRoblesCESE18-main/Pr치ctica_4.1/Inc" -I"C:/Users/MATIAS/Desktop/Matias/CESE/Programacion de microcontroladores/Revision_ejerc4_LucasRoblesCESE18-main/Pr치ctica_4.1/Drivers/Core/Inc" -I"C:/Users/MATIAS/Desktop/Matias/CESE/Programacion de microcontroladores/Revision_ejerc4_LucasRoblesCESE18-main/Pr치ctica_4.1/Drivers/API" -I"C:/Users/MATIAS/Desktop/Matias/CESE/Programacion de microcontroladores/Revision_ejerc4_LucasRoblesCESE18-main/Pr치ctica_4.1/Drivers/API/Inc" -I"C:/Users/MATIAS/Desktop/Matias/CESE/Programacion de microcontroladores/Revision_ejerc4_LucasRoblesCESE18-main/Pr치ctica_4.1/Drivers/API/Src" -x assembler-with-cpp -MMD -MP -MF"Startup/startup_stm32f429xx.d" -MT"Startup/startup_stm32f429xx.o" --specs=nano.specs -mfpu=fpv4-sp-d16 -mfloat-abi=hard -mthumb -o "Startup/startup_stm32f429xx.o" "../Startup/startup_stm32f429xx.s"
arm-none-eabi-gcc "../Src/main.c" -mcpu=cortex-m4 -std=gnu11 -g3 -DDEBUG -DSTM32 -DSTM32F429ZITx -DSTM32F4 -DNUCLEO_F429ZI -DUSE_HAL_DRIVER -DSTM32F429xx -c -I../Inc -I"C:/Users/MATIAS/Desktop/Matias/CESE/Programacion de microcontroladores/Revision_ejerc4_LucasRoblesCESE18-main/Pr치ctica_4.1/Drivers/STM32F4xx_HAL_Driver/Inc" -I"C:/Users/MATIAS/Desktop/Matias/CESE/Programacion de microcontroladores/Revision_ejerc4_LucasRoblesCESE18-main/Pr치ctica_4.1/Drivers/CMSIS/Include" -I"C:/Users/MATIAS/Desktop/Matias/CESE/Programacion de microcontroladores/Revision_ejerc4_LucasRoblesCESE18-main/Pr치ctica_4.1/Drivers/CMSIS/Device/ST/STM32F4xx/Include" -I"C:/Users/MATIAS/Desktop/Matias/CESE/Programacion de microcontroladores/Revision_ejerc4_LucasRoblesCESE18-main/Pr치ctica_4.1/Drivers/BSP/STM32F4xx_Nucleo_144" -I"C:/Users/MATIAS/Desktop/Matias/CESE/Programacion de microcontroladores/Revision_ejerc4_LucasRoblesCESE18-main/Pr치ctica_4.1/Drivers/Core/Inc" -I"C:/Users/MATIAS/Desktop/Matias/CESE/Programacion de microcontroladores/Revision_ejerc4_LucasRoblesCESE18-main/Pr치ctica_4.1/Drivers/API" -I"C:/Users/MATIAS/Desktop/Matias/CESE/Programacion de microcontroladores/Revision_ejerc4_LucasRoblesCESE18-main/Pr치ctica_4.1/Drivers/API/Inc" -I"C:/Users/MATIAS/Desktop/Matias/CESE/Programacion de microcontroladores/Revision_ejerc4_LucasRoblesCESE18-main/Pr치ctica_4.1/Drivers/API/Src" -O0 -ffunction-sections -fdata-sections -Wall -fstack-usage -MMD -MP -MF"Src/main.d" -MT"Src/main.o" --specs=nano.specs -mfpu=fpv4-sp-d16 -mfloat-abi=hard -mthumb -o "Src/main.o"
arm-none-eabi-gcc "../Drivers/STM32F4xx_HAL_Driver/Src/Legacy/stm32f4xx_hal_can.c" -mcpu=cortex-m4 -std=gnu11 -g3 -DDEBUG -DSTM32 -DSTM32F429ZITx -DSTM32F4 -DNUCLEO_F429ZI -DUSE_HAL_DRIVER -DSTM32F429xx -c -I../Inc -I"C:/Users/MATIAS/Desktop/Matias/CESE/Programacion de microcontroladores/Revision_ejerc4_LucasRoblesCESE18-main/Pr치ctica_4.1/Drivers/STM32F4xx_HAL_Driver/Inc" -I"C:/Users/MATIAS/Desktop/Matias/CESE/Programacion de microcontroladores/Revision_ejerc4_LucasRoblesCESE18-main/Pr치ctica_4.1/Drivers/CMSIS/Include" -I"C:/Users/MATIAS/Desktop/Matias/CESE/Programacion de microcontroladores/Revision_ejerc4_LucasRoblesCESE18-main/Pr치ctica_4.1/Drivers/CMSIS/Device/ST/STM32F4xx/Include" -I"C:/Users/MATIAS/Desktop/Matias/CESE/Programacion de microcontroladores/Revision_ejerc4_LucasRoblesCESE18-main/Pr치ctica_4.1/Drivers/BSP/STM32F4xx_Nucleo_144" -I"C:/Users/MATIAS/Desktop/Matias/CESE/Programacion de microcontroladores/Revision_ejerc4_LucasRoblesCESE18-main/Pr치ctica_4.1/Drivers/Core/Inc" -I"C:/Users/MATIAS/Desktop/Matias/CESE/Programacion de microcontroladores/Revision_ejerc4_LucasRoblesCESE18-main/Pr치ctica_4.1/Drivers/API" -I"C:/Users/MATIAS/Desktop/Matias/CESE/Programacion de microcontroladores/Revision_ejerc4_LucasRoblesCESE18-main/Pr치ctica_4.1/Drivers/API/Inc" -I"C:/Users/MATIAS/Desktop/Matias/CESE/Programacion de microcontroladores/Revision_ejerc4_LucasRoblesCESE18-main/Pr치ctica_4.1/Drivers/API/Src" -O0 -ffunction-sections -fdata-sections -Wall -fstack-usage -MMD -MP -MF"Drivers/STM32F4xx_HAL_Driver/Src/Legacy/stm32f4xx_hal_can.d" -MT"Drivers/STM32F4xx_HAL_Driver/Src/Legacy/stm32f4xx_hal_can.o" --specs=nano.specs -mfpu=fpv4-sp-d16 -mfloat-abi=hard -mthumb -o "Drivers/STM32F4xx_HAL_Driver/Src/Legacy/stm32f4xx_hal_can.o"
arm-none-eabi-gcc "../Drivers/STM32F4xx_HAL_Driver/Src/stm32f4xx_hal.c" -mcpu=cortex-m4 -std=gnu11 -g3 -DDEBUG -DSTM32 -DSTM32F429ZITx -DSTM32F4 -DNUCLEO_F429ZI -DUSE_HAL_DRIVER -DSTM32F429xx -c -I../Inc -I"C:/Users/MATIAS/Desktop/Matias/CESE/Programacion de microcontroladores/Revision_ejerc4_LucasRoblesCESE18-main/Pr치ctica_4.1/Drivers/STM32F4xx_HAL_Driver/Inc" -I"C:/Users/MATIAS/Desktop/Matias/CESE/Programacion de microcontroladores/Revision_ejerc4_LucasRoblesCESE18-main/Pr치ctica_4.1/Drivers/CMSIS/Include" -I"C:/Users/MATIAS/Desktop/Matias/CESE/Programacion de microcontroladores/Revision_ejerc4_LucasRoblesCESE18-main/Pr치ctica_4.1/Drivers/CMSIS/Device/ST/STM32F4xx/Include" -I"C:/Users/MATIAS/Desktop/Matias/CESE/Programacion de microcontroladores/Revision_ejerc4_LucasRoblesCESE18-main/Pr치ctica_4.1/Drivers/BSP/STM32F4xx_Nucleo_144" -I"C:/Users/MATIAS/Desktop/Matias/CESE/Programacion de microcontroladores/Revision_ejerc4_LucasRoblesCESE18-main/Pr치ctica_4.1/Drivers/Core/Inc" -I"C:/Users/MATIAS/Desktop/Matias/CESE/Programacion de microcontroladores/Revision_ejerc4_LucasRoblesCESE18-main/Pr치ctica_4.1/Drivers/API" -I"C:/Users/MATIAS/Desktop/Matias/CESE/Programacion de microcontroladores/Revision_ejerc4_LucasRoblesCESE18-main/Pr치ctica_4.1/Drivers/API/Inc" -I"C:/Users/MATIAS/Desktop/Matias/CESE/Programacion de microcontroladores/Revision_ejerc4_LucasRoblesCESE18-main/Pr치ctica_4.1/Drivers/API/Src" -O0 -ffunction-sections -fdata-sections -Wall -fstack-usage -MMD -MP -MF"Drivers/STM32F4xx_HAL_Driver/Src/stm32f4xx_hal.d" -MT"Drivers/STM32F4xx_HAL_Driver/Src/stm32f4xx_hal.o" --specs=nano.specs -mfpu=fpv4-sp-d16 -mfloat-abi=hard -mthumb -o "Drivers/STM32F4xx_HAL_Driver/Src/stm32f4xx_hal.o"
cc1.exe: error: C:/Users/MATIAS/Desktop/Matias/CESE/Programacion de microcontroladores/Revision_ejerc4_LucasRoblesCESE18-main/Pr??ctica_4.1/Drivers/STM32F4xx_HAL_Driver/Inc: Invalid argument
cc1.exe: error: C:/Users/MATIAS/Desktop/Matias/CESE/Programacion de microcontroladores/Revision_ejerc4_LucasRoblesCESE18-main/Pr??ctica_4.1/Drivers/CMSIS/Include: Invalid argument
cc1.exe: error: C:/Users/MATIAS/Desktop/Matias/CESE/Programacion de microcontroladores/Revision_ejerc4_LucasRoblesCESE18-main/Pr??ctica_4.1/Drivers/CMSIS/Device/ST/STM32F4xx/Include: Invalid argument
cc1.exe: error: C:/Users/MATIAS/Desktop/Matias/CESE/Programacion de microcontroladores/Revision_ejerc4_LucasRoblesCESE18-main/Pr??ctica_4.1/Drivers/BSP/STM32F4xx_Nucleo_144: Invalid argument
cc1.exe: error: C:/Users/MATIAS/Desktop/Matias/CESE/Programacion de microcontroladores/Revision_ejerc4_LucasRoblesCESE18-main/Pr??ctica_4.1/Inc: Invalid argument
cc1.exe: error: C:/Users/MATIAS/Desktop/Matias/CESE/Programacion de microcontroladores/Revision_ejerc4_LucasRoblesCESE18-main/Pr??ctica_4.1/Drivers/Core/Inc: Invalid argument
cc1.exe: error: C:/Users/MATIAS/Desktop/Matias/CESE/Programacion de microcontroladores/Revision_ejerc4_LucasRoblesCESE18-main/Pr??ctica_4.1/Drivers/API: Invalid argument
cc1.exe: error: C:/Users/MATIAS/Desktop/Matias/CESE/Programacion de microcontroladores/Revision_ejerc4_LucasRoblesCESE18-main/Pr??ctica_4.1/Drivers/API/Inc: Invalid argument
cc1.exe: error: C:/Users/MATIAS/Desktop/Matias/CESE/Programacion de microcontroladores/Revision_ejerc4_LucasRoblesCESE18-main/Pr??ctica_4.1/Drivers/API/Src: Invalid argument
cc1.exe: error: C:/Users/MATIAS/Desktop/Matias/CESE/Programacion de microcontroladores/Revision_ejerc4_LucasRoblesCESE18-main/Pr??ctica_4.1/Drivers/STM32F4xx_HAL_Driver/Inc: Invalid argument
cc1.exe: error: C:/Users/MATIAS/Desktop/Matias/CESE/Programacion de microcontroladores/Revision_ejerc4_LucasRoblesCESE18-main/Pr??ctica_4.1/Drivers/CMSIS/Include: Invalid argument
cc1.exe: error: C:/Users/MATIAS/Desktop/Matias/CESE/Programacion de microcontroladores/Revision_ejerc4_LucasRoblesCESE18-main/Pr??ctica_4.1/Drivers/CMSIS/Device/ST/STM32F4xx/Include: Invalid argument
cc1.exe: error: C:/Users/MATIAS/Desktop/Matias/CESE/Programacion de microcontroladores/Revision_ejerc4_LucasRoblesCESE18-main/Pr??ctica_4.1/Drivers/BSP/STM32F4xx_Nucleo_144: Invalid argument
cc1.exe: error: C:/Users/MATIAS/Desktop/Matias/CESE/Programacion de microcontroladores/Revision_ejerc4_LucasRoblesCESE18-main/Pr??ctica_4.1/Drivers/Core/Inc: Invalid argument
cc1.exe: error: C:/Users/MATIAS/Desktop/Matias/CESE/Programacion de microcontroladores/Revision_ejerc4_LucasRoblesCESE18-main/Pr??ctica_4.1/Drivers/API: Invalid argument
cc1.exe: error: C:/Users/MATIAS/Desktop/Matias/CESE/Programacion de microcontroladores/Revision_ejerc4_LucasRoblesCESE18-main/Pr??ctica_4.1/Drivers/API/Inc: Invalid argument
cc1.exe: error: C:/Users/MATIAS/Desktop/Matias/CESE/Programacion de microcontroladores/Revision_ejerc4_LucasRoblesCESE18-main/Pr??ctica_4.1/Drivers/API/Src: Invalid argument
make: *** [Startup/subdir.mk:19: Startup/startup_stm32f429xx.o] Error 1
make: *** Waiting for unfinished jobs....
cc1.exe: error: C:/Users/MATIAS/Desktop/Matias/CESE/Programacion de microcontroladores/Revision_ejerc4_LucasRoblesCESE18-main/Pr??ctica_4.1/Drivers/STM32F4xx_HAL_Driver/Inc: Invalid argument
cc1.exe: error: C:/Users/MATIAS/Desktop/Matias/CESE/Programacion de microcontroladores/Revision_ejerc4_LucasRoblesCESE18-main/Pr??ctica_4.1/Drivers/CMSIS/Include: Invalid argument
cc1.exe: error: C:/Users/MATIAS/Desktop/Matias/CESE/Programacion de microcontroladores/Revision_ejerc4_LucasRoblesCESE18-main/Pr??ctica_4.1/Drivers/CMSIS/Device/ST/STM32F4xx/Include: Invalid argument
cc1.exe: error: C:/Users/MATIAS/Desktop/Matias/CESE/Programacion de microcontroladores/Revision_ejerc4_LucasRoblesCESE18-main/Pr??ctica_4.1/Drivers/BSP/STM32F4xx_Nucleo_144: Invalid argument
cc1.exe: error: C:/Users/MATIAS/Desktop/Matias/CESE/Programacion de microcontroladores/Revision_ejerc4_LucasRoblesCESE18-main/Pr??ctica_4.1/Drivers/Core/Inc: Invalid argument
cc1.exe: error: C:/Users/MATIAS/Desktop/Matias/CESE/Programacion de microcontroladores/Revision_ejerc4_LucasRoblesCESE18-main/Pr??ctica_4.1/Drivers/API: Invalid argument
cc1.exe: error: C:/Users/MATIAS/Desktop/Matias/CESE/Programacion de microcontroladores/Revision_ejerc4_LucasRoblesCESE18-main/Pr??ctica_4.1/Drivers/API/Inc: Invalid argument
cc1.exe: error: C:/Users/MATIAS/Desktop/Matias/CESE/Programacion de microcontroladores/Revision_ejerc4_LucasRoblesCESE18-main/Pr??ctica_4.1/Drivers/API/Src: Invalid argument
make: *** [Drivers/STM32F4xx_HAL_Driver/Src/Legacy/subdir.mk:19: Drivers/STM32F4xx_HAL_Driver/Src/Legacy/stm32f4xx_hal_can.o] Error 1
cc1.exe: error: C:/Users/MATIAS/Desktop/Matias/CESE/Programacion de microcontroladores/Revision_ejerc4_LucasRoblesCESE18-main/Pr??ctica_4.1/Drivers/STM32F4xx_HAL_Driver/Inc: Invalid argument
cc1.exe: error: C:/Users/MATIAS/Desktop/Matias/CESE/Programacion de microcontroladores/Revision_ejerc4_LucasRoblesCESE18-main/Pr??ctica_4.1/Drivers/CMSIS/Include: Invalid argument
cc1.exe: error: C:/Users/MATIAS/Desktop/Matias/CESE/Programacion de microcontroladores/Revision_ejerc4_LucasRoblesCESE18-main/Pr??ctica_4.1/Drivers/CMSIS/Device/ST/STM32F4xx/Include: Invalid argument
cc1.exe: error: C:/Users/MATIAS/Desktop/Matias/CESE/Programacion de microcontroladores/Revision_ejerc4_LucasRoblesCESE18-main/Pr??ctica_4.1/Drivers/BSP/STM32F4xx_Nucleo_144: Invalid argument
cc1.exe: error: C:/Users/MATIAS/Desktop/Matias/CESE/Programacion de microcontroladores/Revision_ejerc4_LucasRoblesCESE18-main/Pr??ctica_4.1/Drivers/Core/Inc: Invalid argument
cc1.exe: error: C:/Users/MATIAS/Desktop/Matias/CESE/Programacion de microcontroladores/Revision_ejerc4_LucasRoblesCESE18-main/Pr??ctica_4.1/Drivers/API: Invalid argument
cc1.exe: error: C:/Users/MATIAS/Desktop/Matias/CESE/Programacion de microcontroladores/Revision_ejerc4_LucasRoblesCESE18-main/Pr??ctica_4.1/Drivers/API/Inc: Invalid argument
cc1.exe: error: C:/Users/MATIAS/Desktop/Matias/CESE/Programacion de microcontroladores/Revision_ejerc4_LucasRoblesCESE18-main/Pr??ctica_4.1/Drivers/API/Src: Invalid argument
make: *** [Drivers/STM32F4xx_HAL_Driver/Src/subdir.mk:292: Drivers/STM32F4xx_HAL_Driver/Src/stm32f4xx_hal.o] Error 1
make: *** [Src/subdir.mk:19: Src/main.o] Error 1
"make -j4 all" terminated with exit code 2. Build might be incomplete.

21:19:33 Build Failed. 5 errors, 0 warnings. (took 1s.642ms)

